# JRE version: Java(TM) SE Runtime Environment (7.0_79-b15) (build 1.7.0_79-b15)
# Java VM: Java HotSpot(TM) 64-Bit Server VM (24.79-b02 mixed mode linux-amd64 compressed oops)
Heap
 PSYoungGen      total 257536K, used 119793K [0x00000007d5500000, 0x00000007f3480000, 0x0000000800000000)
  eden space 24576K, 0% used [0x00000007d5500000,0x00000007d5500000,0x00000007d6d00000)
  from space 232960K, 51% used [0x00000007e5080000,0x00000007ec57c508,0x00000007f3400000)
  to   space 232960K, 0% used [0x00000007d6d00000,0x00000007d6d00000,0x00000007e5080000)
 ParOldGen       total 498176K, used 497898K [0x0000000780000000, 0x000000079e680000, 0x00000007d5500000)
  object space 498176K, 99% used [0x0000000780000000,0x000000079e63aa50,0x000000079e680000)
 PSPermGen       total 21504K, used 3304K [0x0000000770000000, 0x0000000771500000, 0x0000000780000000)
  object space 21504K, 15% used [0x0000000770000000,0x000000077033a3d0,0x0000000771500000)
GC Heap History (10 events):
Event: 64.615 GC heap after
Heap after GC invocations=20 (full 6):
 PSYoungGen      total 221696K, used 108928K [0x00000007d5500000, 0x00000007ee980000, 0x0000000800000000)
  eden space 33280K, 0% used [0x00000007d5500000,0x00000007d5500000,0x00000007d7580000)
  from space 188416K, 57% used [0x00000007e3180000,0x00000007e9be0000,0x00000007ee980000)
  to   space 190464K, 0% used [0x00000007d7580000,0x00000007d7580000,0x00000007e2f80000)
 ParOldGen       total 498176K, used 404006K [0x0000000780000000, 0x000000079e680000, 0x00000007d5500000)
  object space 498176K, 81% used [0x0000000780000000,0x0000000798a89b18,0x000000079e680000)
 PSPermGen       total 21504K, used 3304K [0x0000000770000000, 0x0000000771500000, 0x0000000780000000)
  object space 21504K, 15% used [0x0000000770000000,0x000000077033a3d0,0x0000000771500000)
}
Event: 65.871 GC heap before
{Heap before GC invocations=21 (full 6):
 PSYoungGen      total 221696K, used 142208K [0x00000007d5500000, 0x00000007ee980000, 0x0000000800000000)
  eden space 33280K, 100% used [0x00000007d5500000,0x00000007d7580000,0x00000007d7580000)
  from space 188416K, 57% used [0x00000007e3180000,0x00000007e9be0000,0x00000007ee980000)
  to   space 190464K, 0% used [0x00000007d7580000,0x00000007d7580000,0x00000007e2f80000)
 ParOldGen       total 498176K, used 404006K [0x0000000780000000, 0x000000079e680000, 0x00000007d5500000)
  object space 498176K, 81% used [0x0000000780000000,0x0000000798a89b18,0x000000079e680000)
 PSPermGen       total 21504K, used 3304K [0x0000000770000000, 0x0000000771500000, 0x0000000780000000)
  object space 21504K, 15% used [0x0000000770000000,0x000000077033a3d0,0x0000000771500000)
Event: 66.199 GC heap after
Heap after GC invocations=21 (full 6):
 PSYoungGen      total 223744K, used 142208K [0x00000007d5500000, 0x00000007f0580000, 0x0000000800000000)
  eden space 33280K, 0% used [0x00000007d5500000,0x00000007d5500000,0x00000007d7580000)
  from space 190464K, 74% used [0x00000007d7580000,0x00000007e0060000,0x00000007e2f80000)
  to   space 200704K, 0% used [0x00000007e4180000,0x00000007e4180000,0x00000007f0580000)
 ParOldGen       total 498176K, used 404006K [0x0000000780000000, 0x000000079e680000, 0x00000007d5500000)
  object space 498176K, 81% used [0x0000000780000000,0x0000000798a89b18,0x000000079e680000)
 PSPermGen       total 21504K, used 3304K [0x0000000770000000, 0x0000000771500000, 0x0000000780000000)
  object space 21504K, 15% used [0x0000000770000000,0x000000077033a3d0,0x0000000771500000)
}
Event: 67.263 GC heap before
{Heap before GC invocations=22 (full 6):
 PSYoungGen      total 223744K, used 175488K [0x00000007d5500000, 0x00000007f0580000, 0x0000000800000000)
  eden space 33280K, 100% used [0x00000007d5500000,0x00000007d7580000,0x00000007d7580000)
  from space 190464K, 74% used [0x00000007d7580000,0x00000007e0060000,0x00000007e2f80000)
  to   space 200704K, 0% used [0x00000007e4180000,0x00000007e4180000,0x00000007f0580000)
 ParOldGen       total 498176K, used 404006K [0x0000000780000000, 0x000000079e680000, 0x00000007d5500000)
  object space 498176K, 81% used [0x0000000780000000,0x0000000798a89b18,0x000000079e680000)
 PSPermGen       total 21504K, used 3304K [0x0000000770000000, 0x0000000771500000, 0x0000000780000000)
  object space 21504K, 15% used [0x0000000770000000,0x000000077033a3d0,0x0000000771500000)
Event: 68.047 GC heap after
Heap after GC invocations=22 (full 6):
 PSYoungGen      total 221696K, used 175552K [0x00000007d5500000, 0x00000007f2e80000, 0x0000000800000000)
  eden space 20992K, 0% used [0x00000007d5500000,0x00000007d5500000,0x00000007d6980000)
  from space 200704K, 87% used [0x00000007e4180000,0x00000007eecf0000,0x00000007f0580000)
  to   space 221184K, 0% used [0x00000007d6980000,0x00000007d6980000,0x00000007e4180000)
 ParOldGen       total 498176K, used 404006K [0x0000000780000000, 0x000000079e680000, 0x00000007d5500000)
  object space 498176K, 81% used [0x0000000780000000,0x0000000798a89b18,0x000000079e680000)
 PSPermGen       total 21504K, used 3304K [0x0000000770000000, 0x0000000771500000, 0x0000000780000000)
  object space 21504K, 15% used [0x0000000770000000,0x000000077033a3d0,0x0000000771500000)
}
Event: 73.190 GC heap before
{Heap before GC invocations=23 (full 6):
 PSYoungGen      total 221696K, used 196544K [0x00000007d5500000, 0x00000007f2e80000, 0x0000000800000000)
  eden space 20992K, 100% used [0x00000007d5500000,0x00000007d6980000,0x00000007d6980000)
  from space 200704K, 87% used [0x00000007e4180000,0x00000007eecf0000,0x00000007f0580000)
  to   space 221184K, 0% used [0x00000007d6980000,0x00000007d6980000,0x00000007e4180000)
 ParOldGen       total 498176K, used 404006K [0x0000000780000000, 0x000000079e680000, 0x00000007d5500000)
  object space 498176K, 81% used [0x0000000780000000,0x0000000798a89b18,0x000000079e680000)
 PSPermGen       total 21504K, used 3304K [0x0000000770000000, 0x0000000771500000, 0x0000000780000000)
  object space 21504K, 15% used [0x0000000770000000,0x000000077033a3d0,0x0000000771500000)
Event: 73.527 GC heap after
Heap after GC invocations=23 (full 6):
 PSYoungGen      total 242176K, used 196460K [0x00000007d5500000, 0x00000007f3400000, 0x0000000800000000)
  eden space 20992K, 0% used [0x00000007d5500000,0x00000007d5500000,0x00000007d6980000)
  from space 221184K, 88% used [0x00000007d6980000,0x00000007e295b090,0x00000007e4180000)
  to   space 232960K, 0% used [0x00000007e5080000,0x00000007e5080000,0x00000007f3400000)
 ParOldGen       total 498176K, used 404006K [0x0000000780000000, 0x000000079e680000, 0x00000007d5500000)
  object space 498176K, 81% used [0x0000000780000000,0x0000000798a89b18,0x000000079e680000)
 PSPermGen       total 21504K, used 3304K [0x0000000770000000, 0x0000000771500000, 0x0000000780000000)
  object space 21504K, 15% used [0x0000000770000000,0x000000077033a3d0,0x0000000771500000)
}
Event: 74.141 GC heap before
{Heap before GC invocations=24 (full 6):
 PSYoungGen      total 242176K, used 217452K [0x00000007d5500000, 0x00000007f3400000, 0x0000000800000000)
  eden space 20992K, 100% used [0x00000007d5500000,0x00000007d6980000,0x00000007d6980000)
  from space 221184K, 88% used [0x00000007d6980000,0x00000007e295b090,0x00000007e4180000)
  to   space 232960K, 0% used [0x00000007e5080000,0x00000007e5080000,0x00000007f3400000)
 ParOldGen       total 498176K, used 404006K [0x0000000780000000, 0x000000079e680000, 0x00000007d5500000)
  object space 498176K, 81% used [0x0000000780000000,0x0000000798a89b18,0x000000079e680000)
 PSPermGen       total 21504K, used 3304K [0x0000000770000000, 0x0000000771500000, 0x0000000780000000)
  object space 21504K, 15% used [0x0000000770000000,0x000000077033a3d0,0x0000000771500000)
Event: 75.083 GC heap after
Heap after GC invocations=24 (full 6):
 PSYoungGen      total 257536K, used 161964K [0x00000007d5500000, 0x00000007f3480000, 0x0000000800000000)
  eden space 24576K, 0% used [0x00000007d5500000,0x00000007d5500000,0x00000007d6d00000)
  from space 232960K, 69% used [0x00000007e5080000,0x00000007eeeab090,0x00000007f3400000)
  to   space 232960K, 0% used [0x00000007d6d00000,0x00000007d6d00000,0x00000007e5080000)
 ParOldGen       total 498176K, used 459734K [0x0000000780000000, 0x000000079e680000, 0x00000007d5500000)
  object space 498176K, 92% used [0x0000000780000000,0x000000079c0f5b18,0x000000079e680000)
 PSPermGen       total 21504K, used 3304K [0x0000000770000000, 0x0000000771500000, 0x0000000780000000)
  object space 21504K, 15% used [0x0000000770000000,0x000000077033a3d0,0x0000000771500000)
}
Event: 75.083 GC heap before
{Heap before GC invocations=25 (full 7):
 PSYoungGen      total 257536K, used 161964K [0x00000007d5500000, 0x00000007f3480000, 0x0000000800000000)
  eden space 24576K, 0% used [0x00000007d5500000,0x00000007d5500000,0x00000007d6d00000)
  from space 232960K, 69% used [0x00000007e5080000,0x00000007eeeab090,0x00000007f3400000)
  to   space 232960K, 0% used [0x00000007d6d00000,0x00000007d6d00000,0x00000007e5080000)
 ParOldGen       total 498176K, used 459734K [0x0000000780000000, 0x000000079e680000, 0x00000007d5500000)
  object space 498176K, 92% used [0x0000000780000000,0x000000079c0f5b18,0x000000079e680000)
 PSPermGen       total 21504K, used 3304K [0x0000000770000000, 0x0000000771500000, 0x0000000780000000)
  object space 21504K, 15% used [0x0000000770000000,0x000000077033a3d0,0x0000000771500000)

